<?xml version="1.0" encoding="UTF-8"?>
<!-- Generated by org.testng.reporters.JUnitReportReporter -->
<testsuite skipped="0" hostname="DESKTOP-AT9D6PC" name="ej.modules.DataProviderWithExcel_001" tests="1" failures="0" timestamp="21 Jan 2019 11:58:18 GMT" time="50.492" errors="0">
  <testcase name="Registration_data" time="50.492" classname="ej.modules.DataProviderWithExcel_001"/>
</testsuite> <!-- ej.modules.DataProviderWithExcel_001 -->
