<?xml version="1.0" encoding="UTF-8"?>
<!-- Generated by org.testng.reporters.JUnitReportReporter -->
<testsuite skipped="0" hostname="DESKTOP-AT9D6PC" name="ej.modules.MultiBrowser" tests="2" failures="0" timestamp="22 Jan 2019 17:23:47 GMT" time="1.727" errors="0">
  <testcase name="login" time="0.366" classname="ej.modules.MultiBrowser"/>
  <testcase name="login" time="1.361" classname="ej.modules.MultiBrowser"/>
</testsuite> <!-- ej.modules.MultiBrowser -->
