<?xml version="1.0" encoding="UTF-8"?>
<!-- Generated by org.testng.reporters.JUnitReportReporter -->
<testsuite skipped="0" hostname="DESKTOP-AT9D6PC" name="ej.modules.DataProviderWithExcel_002" tests="1" failures="0" timestamp="21 Jan 2019 12:19:51 GMT" time="24.853" errors="0">
  <testcase name="f" time="24.853" classname="ej.modules.DataProviderWithExcel_002"/>
</testsuite> <!-- ej.modules.DataProviderWithExcel_002 -->
