<?xml version="1.0" encoding="UTF-8"?>
<!-- Generated by org.testng.reporters.JUnitReportReporter -->
<testsuite skipped="0" hostname="DESKTOP-AT9D6PC" name="utility.DataProviderWithExcel" tests="2" failures="0" timestamp="17 Jan 2019 17:42:41 GMT" time="0.037" errors="0">
  <testcase name="f" time="0.037" classname="utility.DataProviderWithExcel"/>
  <testcase name="f" time="0.000" classname="utility.DataProviderWithExcel"/>
</testsuite> <!-- utility.DataProviderWithExcel -->
