<?xml version="1.0" encoding="UTF-8"?>
<!-- Generated by org.testng.reporters.JUnitReportReporter -->
<testsuite skipped="0" hostname="DESKTOP-AT9D6PC" name="ej.modules.Login" tests="7" failures="0" timestamp="27 Jan 2019 11:25:56 GMT" time="72.746" errors="0">
  <testcase name="EnterPassword" time="2.131" classname="ej.modules.Login"/>
  <testcase name="EnterUserName" time="2.153" classname="ej.modules.Login"/>
  <testcase name="OpenBrowser" time="16.800" classname="ej.modules.Login"/>
  <testcase name="EnterUserNamePassword" time="23.266" classname="ej.modules.Login"/>
  <testcase name="ClickLoginButton" time="3.494" classname="ej.modules.Login"/>
  <testcase name="EnterURL" time="1.869" classname="ej.modules.Login"/>
  <testcase name="EnterUserNamePassword" time="23.033" classname="ej.modules.Login"/>
</testsuite> <!-- ej.modules.Login -->
