<?xml version="1.0" encoding="UTF-8"?>
<!-- Generated by org.testng.reporters.JUnitReportReporter -->
<testsuite skipped="0" hostname="DESKTOP-AT9D6PC" name="ej.modules.ManageCompany" tests="2" failures="0" timestamp="27 Jan 2019 11:25:56 GMT" time="31.338" errors="0">
  <testcase name="createNewCo" time="30.883" classname="ej.modules.ManageCompany"/>
  <testcase name="deleteCompany" time="0.455" classname="ej.modules.ManageCompany"/>
</testsuite> <!-- ej.modules.ManageCompany -->
